#
# There is insufficient memory for the Java Runtime Environment to continue.
# Native memory allocation (mmap) failed to map 232783872 bytes for G1 virtual space
# Possible reasons:
#   The system is out of physical RAM or swap space
#   The process is running with CompressedOops enabled, and the Java Heap may be blocking the growth of the native heap
# Possible solutions:
#   Reduce memory load on the system
#   Increase physical memory or swap space
#   Check if swap backing store is full
#   Decrease Java heap size (-Xmx/-Xms)
#   Decrease number of Java threads
#   Decrease Java thread stack sizes (-Xss)
#   Set larger code cache with -XX:ReservedCodeCacheSize=
#   JVM is running with Zero Based Compressed Oops mode in which the Java heap is
#     placed in the first 32GB address space. The Java Heap base address is the
#     maximum limit for the native heap growth. Please use -XX:HeapBaseMinAddress
#     to set the Java Heap base and to place the Java Heap above 32GB virtual address.
# This output file may be truncated or incomplete.
#
#  Out of Memory Error (os_windows.cpp:3617), pid=831332, tid=803784
#
# JRE version:  (17.0.8.1+1) (build )
# Java VM: OpenJDK 64-Bit Server VM (17.0.8.1+1, mixed mode, sharing, tiered, compressed oops, compressed class ptrs, g1 gc, windows-amd64)
# No core dump will be written. Minidumps are not enabled by default on client versions of Windows
#

---------------  S U M M A R Y ------------

Command Line: -Dfile.encoding=UTF-8 -Dstdout.encoding=UTF-8 -Dstderr.encoding=UTF-8 -XX:+ShowCodeDetailsInExceptionMessages c231011.UserDAO

Host: AMD Ryzen 5 5600U with Radeon Graphics         , 12 cores, 13G,  Windows 11 , 64 bit Build 22621 (10.0.22621.1928)
Time: Wed Oct 11 10:35:04 2023  Windows 11 , 64 bit Build 22621 (10.0.22621.1928) elapsed time: 0.078086 seconds (0d 0h 0m 0s)

---------------  T H R E A D  ---------------

Current thread (0x0000029ae82a92e0):  JavaThread "Unknown thread" [_thread_in_vm, id=803784, stack(0x000000f648300000,0x000000f648400000)]

Stack: [0x000000f648300000,0x000000f648400000]
Native frames: (J=compiled Java code, j=interpreted, Vv=VM code, C=native code)
V  [jvm.dll+0x678b0a]
V  [jvm.dll+0x835e84]
V  [jvm.dll+0x83762e]
V  [jvm.dll+0x837c93]
V  [jvm.dll+0x24746f]
V  [jvm.dll+0x675859]
V  [jvm.dll+0x66a0ea]
V  [jvm.dll+0x306c7b]
V  [jvm.dll+0x30e166]
V  [jvm.dll+0x35dd3e]
V  [jvm.dll+0x35df6f]
V  [jvm.dll+0x2ddb48]
V  [jvm.dll+0x2deab4]
V  [jvm.dll+0x807f31]
V  [jvm.dll+0x36bb21]
V  [jvm.dll+0x7e733c]
V  [jvm.dll+0x3ee4af]
V  [jvm.dll+0x3f00c1]
C  [jli.dll+0x528b]
C  [ucrtbase.dll+0x29363]
C  [KERNEL32.DLL+0x126ad]
C  [ntdll.dll+0x5aa68]


---------------  P R O C E S S  ---------------

Threads class SMR info:
_java_thread_list=0x00007ff962a3a018, length=0, elements={
}

Java Threads: ( => current thread )

Other Threads:
  0x0000029ae830e310 GCTaskThread "GC Thread#0" [stack: 0x000000f648400000,0x000000f648500000] [id=832036]
  0x0000029ae831d920 ConcurrentGCThread "G1 Main Marker" [stack: 0x000000f648500000,0x000000f648600000] [id=830552]
  0x0000029ae831e330 ConcurrentGCThread "G1 Conc#0" [stack: 0x000000f648600000,0x000000f648700000] [id=820532]

[error occurred during error reporting (printing all threads), id 0xc0000005, EXCEPTION_ACCESS_VIOLATION (0xc0000005) at pc=0x00007ff96220e587]

VM state: not at safepoint (not fully initialized)

VM Mutex/Monitor currently owned by a thread:  ([mutex/lock_event])
[0x0000029ae82a4420] Heap_lock - owner thread: 0x0000029ae82a92e0

Heap address: 0x0000000722400000, size: 3548 MB, Compressed Oops mode: Zero based, Oop shift amount: 3

CDS archive(s) mapped at: [0x0000000000000000-0x0000000000000000-0x0000000000000000), size 0, SharedBaseAddress: 0x0000000800000000, ArchiveRelocationMode: 1.
Narrow klass base: 0x0000000000000000, Narrow klass shift: 0, Narrow klass range: 0x0

GC Precious Log:
<Empty>

Heap:
 garbage-first heap   total 0K, used 0K [0x0000000722400000, 0x0000000800000000)
  region size 2048K, 0 young (0K), 0 survivors (0K)

[error occurred during error reporting (printing heap information), id 0xc0000005, EXCEPTION_ACCESS_VIOLATION (0xc0000005) at pc=0x00007ff9625f2699]

GC Heap History (0 events):
No events

Dll operation events (1 events):
Event: 0.071 Loaded shared library C:\Users\namkyun\Desktop\eclipse\plugins\org.eclipse.justj.openjdk.hotspot.jre.full.win32.x86_64_17.0.8.v20230831-1047\jre\bin\java.dll

Deoptimization events (0 events):
No events

Classes unloaded (0 events):
No events

Classes redefined (0 events):
No events

Internal exceptions (0 events):
No events

VM Operations (0 events):
No events

Events (0 events):
No events


Dynamic libraries:
0x00007ff6293f0000 - 0x00007ff6293fe000 	C:\Users\namkyun\Desktop\eclipse\plugins\org.eclipse.justj.openjdk.hotspot.jre.full.win32.x86_64_17.0.8.v20230831-1047\jre\bin\javaw.exe
0x00007ff9af450000 - 0x00007ff9af664000 	C:\WINDOWS\SYSTEM32\ntdll.dll
0x00007ff9af2b0000 - 0x00007ff9af372000 	C:\WINDOWS\System32\KERNEL32.DLL
0x00007ff9ac900000 - 0x00007ff9acca3000 	C:\WINDOWS\System32\KERNELBASE.dll
0x00007ff9ad070000 - 0x00007ff9ad181000 	C:\WINDOWS\System32\ucrtbase.dll
0x00007ff99e8f0000 - 0x00007ff99e907000 	C:\Users\namkyun\Desktop\eclipse\plugins\org.eclipse.justj.openjdk.hotspot.jre.full.win32.x86_64_17.0.8.v20230831-1047\jre\bin\jli.dll
0x00007ff99f630000 - 0x00007ff99f649000 	C:\Users\namkyun\Desktop\eclipse\plugins\org.eclipse.justj.openjdk.hotspot.jre.full.win32.x86_64_17.0.8.v20230831-1047\jre\bin\VCRUNTIME140.dll
0x00007ff9add10000 - 0x00007ff9adeba000 	C:\WINDOWS\System32\USER32.dll
0x00007ff9ac850000 - 0x00007ff9ac876000 	C:\WINDOWS\System32\win32u.dll
0x00007ff9ad780000 - 0x00007ff9ad7a9000 	C:\WINDOWS\System32\GDI32.dll
0x00007ff989ec0000 - 0x00007ff98a14e000 	C:\WINDOWS\WinSxS\amd64_microsoft.windows.common-controls_6595b64144ccf1df_6.0.22621.1635_none_270f70857386168e\COMCTL32.dll
0x00007ff9accb0000 - 0x00007ff9acdc9000 	C:\WINDOWS\System32\gdi32full.dll
0x00007ff9ae490000 - 0x00007ff9ae537000 	C:\WINDOWS\System32\msvcrt.dll
0x00007ff9ad190000 - 0x00007ff9ad22a000 	C:\WINDOWS\System32\msvcp_win.dll
0x00007ff9ae550000 - 0x00007ff9ae581000 	C:\WINDOWS\System32\IMM32.DLL
0x00007ff9a2300000 - 0x00007ff9a230c000 	C:\Users\namkyun\Desktop\eclipse\plugins\org.eclipse.justj.openjdk.hotspot.jre.full.win32.x86_64_17.0.8.v20230831-1047\jre\bin\vcruntime140_1.dll
0x00007ff987cf0000 - 0x00007ff987d81000 	C:\Users\namkyun\Desktop\eclipse\plugins\org.eclipse.justj.openjdk.hotspot.jre.full.win32.x86_64_17.0.8.v20230831-1047\jre\bin\msvcp140.dll
0x00007ff961f20000 - 0x00007ff962b6c000 	C:\Users\namkyun\Desktop\eclipse\plugins\org.eclipse.justj.openjdk.hotspot.jre.full.win32.x86_64_17.0.8.v20230831-1047\jre\bin\server\jvm.dll
0x00007ff9ad2e0000 - 0x00007ff9ad38e000 	C:\WINDOWS\System32\ADVAPI32.dll
0x00007ff9ad830000 - 0x00007ff9ad8d4000 	C:\WINDOWS\System32\sechost.dll
0x00007ff9ad390000 - 0x00007ff9ad4a7000 	C:\WINDOWS\System32\RPCRT4.dll
0x00007ff9a7d70000 - 0x00007ff9a7d79000 	C:\WINDOWS\SYSTEM32\WSOCK32.dll
0x00007ff9ad700000 - 0x00007ff9ad771000 	C:\WINDOWS\System32\WS2_32.dll
0x00007ff9a5cd0000 - 0x00007ff9a5cda000 	C:\WINDOWS\SYSTEM32\VERSION.dll
0x00007ff9a5620000 - 0x00007ff9a5654000 	C:\WINDOWS\SYSTEM32\WINMM.dll
0x00007ff9ac310000 - 0x00007ff9ac35d000 	C:\WINDOWS\SYSTEM32\POWRPROF.dll
0x00007ff9ac2b0000 - 0x00007ff9ac2c3000 	C:\WINDOWS\SYSTEM32\UMPDC.dll
0x00007ff9ab890000 - 0x00007ff9ab8a8000 	C:\WINDOWS\SYSTEM32\kernel.appcore.dll
0x00007ff9a7d50000 - 0x00007ff9a7d5a000 	C:\Users\namkyun\Desktop\eclipse\plugins\org.eclipse.justj.openjdk.hotspot.jre.full.win32.x86_64_17.0.8.v20230831-1047\jre\bin\jimage.dll
0x00007ff9aa1a0000 - 0x00007ff9aa3ce000 	C:\WINDOWS\SYSTEM32\DBGHELP.DLL
0x00007ff9ae010000 - 0x00007ff9ae399000 	C:\WINDOWS\System32\combase.dll
0x00007ff9ae3a0000 - 0x00007ff9ae477000 	C:\WINDOWS\System32\OLEAUT32.dll
0x00007ff9a35c0000 - 0x00007ff9a35f2000 	C:\WINDOWS\SYSTEM32\dbgcore.DLL
0x00007ff9ac880000 - 0x00007ff9ac8fa000 	C:\WINDOWS\System32\bcryptPrimitives.dll
0x00007ff9a2000000 - 0x00007ff9a2025000 	C:\Users\namkyun\Desktop\eclipse\plugins\org.eclipse.justj.openjdk.hotspot.jre.full.win32.x86_64_17.0.8.v20230831-1047\jre\bin\java.dll

dbghelp: loaded successfully - version: 4.0.5 - missing functions: none
symbol engine: initialized successfully - sym options: 0x614 - pdb path: .;C:\Users\namkyun\Desktop\eclipse\plugins\org.eclipse.justj.openjdk.hotspot.jre.full.win32.x86_64_17.0.8.v20230831-1047\jre\bin;C:\WINDOWS\SYSTEM32;C:\WINDOWS\WinSxS\amd64_microsoft.windows.common-controls_6595b64144ccf1df_6.0.22621.1635_none_270f70857386168e;C:\Users\namkyun\Desktop\eclipse\plugins\org.eclipse.justj.openjdk.hotspot.jre.full.win32.x86_64_17.0.8.v20230831-1047\jre\bin\server

VM Arguments:
jvm_args: -Dfile.encoding=UTF-8 -Dstdout.encoding=UTF-8 -Dstderr.encoding=UTF-8 -XX:+ShowCodeDetailsInExceptionMessages 
java_command: c231011.UserDAO
java_class_path (initial): C:\Users\namkyun\eclipse-workspace\classWeb1\build\classes;C:\Users\namkyun\eclipse-workspace\classWeb1\src\main\webapp\WEB-INF\lib\ojdbc11.jar;C:\Users\namkyun\eclipse-workspace\classWeb1\src\main\webapp\WEB-INF\lib\servlet-api.jar;C:\Users\namkyun\eclipse-workspace\classWeb1\src\main\webapp\WEB-INF\lib\taglibs-standard-compat-1.2.5.jar;C:\Users\namkyun\eclipse-workspace\classWeb1\src\main\webapp\WEB-INF\lib\taglibs-standard-impl-1.2.5.jar;C:\Users\namkyun\eclipse-workspace\classWeb1\src\main\webapp\WEB-INF\lib\taglibs-standard-jstlel-1.2.5.jar;C:\Users\namkyun\eclipse-workspace\classWeb1\src\main\webapp\WEB-INF\lib\taglibs-standard-spec-1.2.5.jar;C:\Users\namkyun\eclipse-workspace\classWeb1\src\main\webapp\WEB-INF\lib\tomcat-dbcp.jar;C:\Users\namkyun\eclipse-workspace\classWeb1\src\main\webapp\WEB-INF\classes;C:\Users\namkyun\Downloads\apache-tomcat-9.0.80-windows-x64\apache-tomcat-9.0.80\lib\annotations-api.jar;C:\Users\namkyun\Downloads\apache-tomcat-9.0.80-windows-x64\apache-tomcat-9.0.80\lib\catalina-ant.jar;C:\Users\namkyun\Downloads\apache-tomcat-9.0.80-windows-x64\apache-tomcat-9.0.80\lib\catalina-ha.jar;C:\Users\namkyun\Downloads\apache-tomcat-9.0.80-windows-x64\apache-tomcat-9.0.80\lib\catalina-ssi.jar;C:\Users\namkyun\Downloads\apache-tomcat-9.0.80-windows-x64\apache-tomcat-9.0.80\lib\catalina-storeconfig.jar;C:\Users\namkyun\Downloads\apache-tomcat-9.0.80-windows-x64\apache-tomcat-9.0.80\lib\catalina-tribes.jar;C:\Users\namkyun\Downloads\apache-tomcat-9.0.80-windows-x64\apache-tomcat-9.0.80\lib\catalina.jar;C:\Users\namkyun\Downloads\apache-tomcat-9.0.80-windows-x64\apache-tomcat-9.0.80\lib\ecj-4.20.jar;C:\Users\namkyun\Downloads\apache-tomcat-9.0.80-windows-x64\apache-tomcat-9.0.80\lib\el-api.jar;C:\Users\namkyun\Downloads\apache-tomcat-9.0.80-windows-x64\apache-tomcat-9.0.80\lib\jasper-el.jar;C:\Users\namkyun\Downloads\apache-tomcat-9.0.80-windows-x64\apache-tomcat-9.0.80\lib\jasper.jar;C:\Users\namkyun\Downloads\apache-to
Launcher Type: SUN_STANDARD

[Global flags]
     intx CICompilerCount                          = 4                                         {product} {ergonomic}
     uint ConcGCThreads                            = 3                                         {product} {ergonomic}
     uint G1ConcRefinementThreads                  = 10                                        {product} {ergonomic}
   size_t G1HeapRegionSize                         = 2097152                                   {product} {ergonomic}
    uintx GCDrainStackTargetSize                   = 64                                        {product} {ergonomic}
   size_t InitialHeapSize                          = 232783872                                 {product} {ergonomic}
   size_t MarkStackSize                            = 4194304                                   {product} {ergonomic}
   size_t MaxHeapSize                              = 3720347648                                {product} {ergonomic}
   size_t MinHeapDeltaBytes                        = 2097152                                   {product} {ergonomic}
   size_t MinHeapSize                              = 8388608                                   {product} {ergonomic}
    uintx NonNMethodCodeHeapSize                   = 5839372                                {pd product} {ergonomic}
    uintx NonProfiledCodeHeapSize                  = 122909434                              {pd product} {ergonomic}
    uintx ProfiledCodeHeapSize                     = 122909434                              {pd product} {ergonomic}
    uintx ReservedCodeCacheSize                    = 251658240                              {pd product} {ergonomic}
     bool SegmentedCodeCache                       = true                                      {product} {ergonomic}
     bool ShowCodeDetailsInExceptionMessages       = true                                   {manageable} {command line}
   size_t SoftMaxHeapSize                          = 3720347648                             {manageable} {ergonomic}
     bool UseCompressedClassPointers               = true                           {product lp64_product} {ergonomic}
     bool UseCompressedOops                        = true                           {product lp64_product} {ergonomic}
     bool UseG1GC                                  = true                                      {product} {ergonomic}
     bool UseLargePagesIndividualAllocation        = false                                  {pd product} {ergonomic}

Logging:
Log output configuration:
 #0: stdout all=warning uptime,level,tags
 #1: stderr all=off uptime,level,tags

Environment Variables:
JAVA_HOME=C:\Users\namkyun\Desktop\java
PATH=C:/Users/namkyun/Desktop/eclipse//plugins/org.eclipse.justj.openjdk.hotspot.jre.full.win32.x86_64_17.0.8.v20230831-1047/jre/bin/server;C:/Users/namkyun/Desktop/eclipse//plugins/org.eclipse.justj.openjdk.hotspot.jre.full.win32.x86_64_17.0.8.v20230831-1047/jre/bin;C:\Program Files\Common Files\Oracle\Java\javapath;C:\Program Files (x86)\Common Files\Oracle\Java\javapath;C:\WINDOWS\system32;C:\WINDOWS;C:\WINDOWS\System32\Wbem;C:\WINDOWS\System32\WindowsPowerShell\v1.0\;C:\WINDOWS\System32\OpenSSH\;C:\Users\namkyun\Desktop\java\bin\;C:\Program Files\Git\cmd;C:\Program Files\nodejs\;C:\Program Files\MySQL\MySQL Shell 8.0\bin\;C:\Users\namkyun\AppData\Local\Programs\Python\Python311\Scripts\;C:\Users\namkyun\AppData\Local\Programs\Python\Python311\;C:\Users\namkyun\AppData\Local\Microsoft\WindowsApps;C:\Users\namkyun\AppData\Local\Programs\Microsoft VS Code\bin;C:\Users\namkyun\AppData\Local\atom\bin;C:\Users\namkyun\AppData\Local\Microsoft\WindowsApps;C:\Users\namkyun\AppData\Roaming\npm;C:\Users\namkyun\Desktop\eclipse;
USERNAME=namkyun
OS=Windows_NT
PROCESSOR_IDENTIFIER=AMD64 Family 25 Model 80 Stepping 0, AuthenticAMD
TMP=C:\Users\namkyun\AppData\Local\Temp
TEMP=C:\Users\namkyun\AppData\Local\Temp



---------------  S Y S T E M  ---------------

OS:
 Windows 11 , 64 bit Build 22621 (10.0.22621.1928)
OS uptime: 88 days 4:15 hours

CPU: total 12 (initial active 12) (12 cores per cpu, 2 threads per core) family 25 model 80 stepping 0 microcode 0x0, cx8, cmov, fxsr, ht, mmx, 3dnowpref, sse, sse2, sse3, ssse3, sse4a, sse4.1, sse4.2, popcnt, lzcnt, tsc, tscinvbit, avx, avx2, aes, erms, clmul, bmi1, bmi2, adx, sha, fma, vzeroupper, clflush, clflushopt
Processor Information for all 12 processors :
  Max Mhz: 2301, Current Mhz: 2301, Mhz Limit: 2301

Memory: 4k page, system-wide physical 14188M (474M free)
TotalPageFile size 39090M (AvailPageFile size 203M)
current process WorkingSet (physical memory assigned to process): 11M, peak: 11M
current process commit charge ("private bytes"): 64M, peak: 286M

vm_info: OpenJDK 64-Bit Server VM (17.0.8.1+1) for windows-amd64 JRE (17.0.8.1+1), built on Aug 23 2023 15:29:17 by "admin" with MS VC++ 16.7 (VS2019)

END.
